# JRE version: OpenJDK Runtime Environment Microsoft-8035246 (17.0.8+7) (build 17.0.8+7-LTS)
# Java VM: OpenJDK 64-Bit Server VM Microsoft-8035246 (17.0.8+7-LTS, mixed mode, sharing, tiered, compressed oops, compressed class ptrs, g1 gc, windows-amd64)
GC Precious Log:
 CPUs: 8 total, 8 available
 Memory: 16122M
 Large Page Support: Disabled
 NUMA Support: Disabled
 Compressed Oops: Enabled (32-bit)
 Heap Region Size: 1M
 Heap Min Capacity: 8M
 Heap Initial Capacity: 252M
 Heap Max Capacity: 2G
 Pre-touch: Disabled
 Parallel Workers: 8
 Concurrent Workers: 2
 Concurrent Refinement Workers: 8
 Periodic GC: Disabled
Heap:
 garbage-first heap   total 304128K, used 228162K [0x0000000080000000, 0x0000000100000000)
  region size 1024K, 40 young (40960K), 5 survivors (5120K)
 Metaspace       used 108937K, committed 110144K, reserved 557056K
  class space    used 15013K, committed 15552K, reserved 425984K
GC Heap History (20 events):
Event: 39.266 GC heap before
{Heap before GC invocations=49 (full 0):
 garbage-first heap   total 252928K, used 196963K [0x0000000080000000, 0x0000000100000000)
  region size 1024K, 84 young (86016K), 12 survivors (12288K)
 Metaspace       used 97691K, committed 98752K, reserved 557056K
  class space    used 13580K, committed 14080K, reserved 425984K
}
Event: 39.292 GC heap after
{Heap after GC invocations=50 (full 0):
 garbage-first heap   total 252928K, used 143590K [0x0000000080000000, 0x0000000100000000)
  region size 1024K, 11 young (11264K), 11 survivors (11264K)
 Metaspace       used 97691K, committed 98752K, reserved 557056K
  class space    used 13580K, committed 14080K, reserved 425984K
}
Event: 40.685 GC heap before
{Heap before GC invocations=50 (full 0):
 garbage-first heap   total 252928K, used 196838K [0x0000000080000000, 0x0000000100000000)
  region size 1024K, 62 young (63488K), 11 survivors (11264K)
 Metaspace       used 98923K, committed 99968K, reserved 557056K
  class space    used 13732K, committed 14208K, reserved 425984K
}
Event: 40.710 GC heap after
{Heap after GC invocations=51 (full 0):
 garbage-first heap   total 252928K, used 155442K [0x0000000080000000, 0x0000000100000000)
  region size 1024K, 8 young (8192K), 8 survivors (8192K)
 Metaspace       used 98923K, committed 99968K, reserved 557056K
  class space    used 13732K, committed 14208K, reserved 425984K
}
Event: 41.927 GC heap before
{Heap before GC invocations=51 (full 0):
 garbage-first heap   total 252928K, used 201522K [0x0000000080000000, 0x0000000100000000)
  region size 1024K, 53 young (54272K), 8 survivors (8192K)
 Metaspace       used 102831K, committed 104000K, reserved 557056K
  class space    used 14310K, committed 14848K, reserved 425984K
}
Event: 41.942 GC heap after
{Heap after GC invocations=52 (full 0):
 garbage-first heap   total 252928K, used 158074K [0x0000000080000000, 0x0000000100000000)
  region size 1024K, 3 young (3072K), 3 survivors (3072K)
 Metaspace       used 102831K, committed 104000K, reserved 557056K
  class space    used 14310K, committed 14848K, reserved 425984K
}
Event: 43.426 GC heap before
{Heap before GC invocations=52 (full 0):
 garbage-first heap   total 252928K, used 205178K [0x0000000080000000, 0x0000000100000000)
  region size 1024K, 49 young (50176K), 3 survivors (3072K)
 Metaspace       used 104268K, committed 105408K, reserved 557056K
  class space    used 14490K, committed 15040K, reserved 425984K
}
Event: 43.448 GC heap after
{Heap after GC invocations=53 (full 0):
 garbage-first heap   total 252928K, used 164542K [0x0000000080000000, 0x0000000100000000)
  region size 1024K, 7 young (7168K), 7 survivors (7168K)
 Metaspace       used 104268K, committed 105408K, reserved 557056K
  class space    used 14490K, committed 15040K, reserved 425984K
}
Event: 44.294 GC heap before
{Heap before GC invocations=53 (full 0):
 garbage-first heap   total 252928K, used 207550K [0x0000000080000000, 0x0000000100000000)
  region size 1024K, 49 young (50176K), 7 survivors (7168K)
 Metaspace       used 104910K, committed 106048K, reserved 557056K
  class space    used 14551K, committed 15104K, reserved 425984K
}
Event: 44.315 GC heap after
{Heap after GC invocations=54 (full 0):
 garbage-first heap   total 252928K, used 169374K [0x0000000080000000, 0x0000000100000000)
  region size 1024K, 5 young (5120K), 5 survivors (5120K)
 Metaspace       used 104910K, committed 106048K, reserved 557056K
  class space    used 14551K, committed 15104K, reserved 425984K
}
Event: 45.029 GC heap before
{Heap before GC invocations=54 (full 0):
 garbage-first heap   total 252928K, used 210334K [0x0000000080000000, 0x0000000100000000)
  region size 1024K, 45 young (46080K), 5 survivors (5120K)
 Metaspace       used 105319K, committed 106496K, reserved 557056K
  class space    used 14592K, committed 15168K, reserved 425984K
}
Event: 45.044 GC heap after
{Heap after GC invocations=55 (full 0):
 garbage-first heap   total 252928K, used 174087K [0x0000000080000000, 0x0000000100000000)
  region size 1024K, 5 young (5120K), 5 survivors (5120K)
 Metaspace       used 105319K, committed 106496K, reserved 557056K
  class space    used 14592K, committed 15168K, reserved 425984K
}
Event: 45.775 GC heap before
{Heap before GC invocations=55 (full 0):
 garbage-first heap   total 252928K, used 209927K [0x0000000080000000, 0x0000000100000000)
  region size 1024K, 41 young (41984K), 5 survivors (5120K)
 Metaspace       used 106447K, committed 107648K, reserved 557056K
  class space    used 14679K, committed 15232K, reserved 425984K
}
Event: 45.789 GC heap after
{Heap after GC invocations=56 (full 0):
 garbage-first heap   total 252928K, used 179594K [0x0000000080000000, 0x0000000100000000)
  region size 1024K, 6 young (6144K), 6 survivors (6144K)
 Metaspace       used 106447K, committed 107648K, reserved 557056K
  class space    used 14679K, committed 15232K, reserved 425984K
}
Event: 46.384 GC heap before
{Heap before GC invocations=56 (full 0):
 garbage-first heap   total 252928K, used 216458K [0x0000000080000000, 0x0000000100000000)
  region size 1024K, 38 young (38912K), 6 survivors (6144K)
 Metaspace       used 108057K, committed 109248K, reserved 557056K
  class space    used 14910K, committed 15488K, reserved 425984K
}
Event: 46.399 GC heap after
{Heap after GC invocations=57 (full 0):
 garbage-first heap   total 304128K, used 181565K [0x0000000080000000, 0x0000000100000000)
  region size 1024K, 2 young (2048K), 2 survivors (2048K)
 Metaspace       used 108057K, committed 109248K, reserved 557056K
  class space    used 14910K, committed 15488K, reserved 425984K
}
Event: 47.459 GC heap before
{Heap before GC invocations=57 (full 0):
 garbage-first heap   total 304128K, used 252221K [0x0000000080000000, 0x0000000100000000)
  region size 1024K, 72 young (73728K), 2 survivors (2048K)
 Metaspace       used 108836K, committed 110016K, reserved 557056K
  class space    used 15012K, committed 15552K, reserved 425984K
}
Event: 47.475 GC heap after
{Heap after GC invocations=58 (full 0):
 garbage-first heap   total 304128K, used 186571K [0x0000000080000000, 0x0000000100000000)
  region size 1024K, 7 young (7168K), 7 survivors (7168K)
 Metaspace       used 108836K, committed 110016K, reserved 557056K
  class space    used 15012K, committed 15552K, reserved 425984K
}
Event: 48.369 GC heap before
{Heap before GC invocations=58 (full 0):
 garbage-first heap   total 304128K, used 253131K [0x0000000080000000, 0x0000000100000000)
  region size 1024K, 73 young (74752K), 7 survivors (7168K)
 Metaspace       used 108928K, committed 110144K, reserved 557056K
  class space    used 15013K, committed 15552K, reserved 425984K
}
Event: 48.383 GC heap after
{Heap after GC invocations=59 (full 0):
 garbage-first heap   total 304128K, used 190274K [0x0000000080000000, 0x0000000100000000)
  region size 1024K, 5 young (5120K), 5 survivors (5120K)
 Metaspace       used 108928K, committed 110144K, reserved 557056K
  class space    used 15013K, committed 15552K, reserved 425984K
}

