# JRE version: OpenJDK Runtime Environment Microsoft-8035246 (17.0.8+7) (build 17.0.8+7-LTS)
# Java VM: OpenJDK 64-Bit Server VM Microsoft-8035246 (17.0.8+7-LTS, mixed mode, sharing, tiered, compressed oops, compressed class ptrs, g1 gc, windows-amd64)
GC Precious Log:
 CPUs: 8 total, 8 available
 Memory: 16122M
 Large Page Support: Disabled
 NUMA Support: Disabled
 Compressed Oops: Enabled (32-bit)
 Heap Region Size: 1M
 Heap Min Capacity: 8M
 Heap Initial Capacity: 252M
 Heap Max Capacity: 2G
 Pre-touch: Disabled
 Parallel Workers: 8
 Concurrent Workers: 2
 Concurrent Refinement Workers: 8
 Periodic GC: Disabled
Heap:
 garbage-first heap   total 326656K, used 259600K [0x0000000080000000, 0x0000000100000000)
  region size 1024K, 49 young (50176K), 5 survivors (5120K)
 Metaspace       used 115524K, committed 116736K, reserved 557056K
  class space    used 15625K, committed 16192K, reserved 425984K
GC Heap History (20 events):
Event: 45.964 GC heap before
{Heap before GC invocations=53 (full 0):
 garbage-first heap   total 326656K, used 257800K [0x0000000080000000, 0x0000000100000000)
  region size 1024K, 94 young (96256K), 11 survivors (11264K)
 Metaspace       used 108232K, committed 109312K, reserved 557056K
  class space    used 14928K, committed 15424K, reserved 425984K
}
Event: 45.989 GC heap after
{Heap after GC invocations=54 (full 0):
 garbage-first heap   total 326656K, used 177932K [0x0000000080000000, 0x0000000100000000)
  region size 1024K, 5 young (5120K), 5 survivors (5120K)
 Metaspace       used 108232K, committed 109312K, reserved 557056K
  class space    used 14928K, committed 15424K, reserved 425984K
}
Event: 47.146 GC heap before
{Heap before GC invocations=54 (full 0):
 garbage-first heap   total 326656K, used 261900K [0x0000000080000000, 0x0000000100000000)
  region size 1024K, 88 young (90112K), 5 survivors (5120K)
 Metaspace       used 108514K, committed 109696K, reserved 557056K
  class space    used 14956K, committed 15488K, reserved 425984K
}
Event: 47.163 GC heap after
{Heap after GC invocations=55 (full 0):
 garbage-first heap   total 326656K, used 184332K [0x0000000080000000, 0x0000000100000000)
  region size 1024K, 11 young (11264K), 11 survivors (11264K)
 Metaspace       used 108514K, committed 109696K, reserved 557056K
  class space    used 14956K, committed 15488K, reserved 425984K
}
Event: 48.521 GC heap before
{Heap before GC invocations=55 (full 0):
 garbage-first heap   total 326656K, used 277516K [0x0000000080000000, 0x0000000100000000)
  region size 1024K, 91 young (93184K), 11 survivors (11264K)
 Metaspace       used 108690K, committed 109824K, reserved 557056K
  class space    used 14969K, committed 15488K, reserved 425984K
}
Event: 48.542 GC heap after
{Heap after GC invocations=56 (full 0):
 garbage-first heap   total 326656K, used 191150K [0x0000000080000000, 0x0000000100000000)
  region size 1024K, 7 young (7168K), 7 survivors (7168K)
 Metaspace       used 108690K, committed 109824K, reserved 557056K
  class space    used 14969K, committed 15488K, reserved 425984K
}
Event: 49.287 GC heap before
{Heap before GC invocations=56 (full 0):
 garbage-first heap   total 326656K, used 281262K [0x0000000080000000, 0x0000000100000000)
  region size 1024K, 84 young (86016K), 7 survivors (7168K)
 Metaspace       used 108802K, committed 110016K, reserved 557056K
  class space    used 14984K, committed 15552K, reserved 425984K
}
Event: 49.304 GC heap after
{Heap after GC invocations=57 (full 0):
 garbage-first heap   total 326656K, used 197602K [0x0000000080000000, 0x0000000100000000)
  region size 1024K, 7 young (7168K), 7 survivors (7168K)
 Metaspace       used 108802K, committed 110016K, reserved 557056K
  class space    used 14984K, committed 15552K, reserved 425984K
}
Event: 50.376 GC heap before
{Heap before GC invocations=57 (full 0):
 garbage-first heap   total 326656K, used 274402K [0x0000000080000000, 0x0000000100000000)
  region size 1024K, 79 young (80896K), 7 survivors (7168K)
 Metaspace       used 109085K, committed 110336K, reserved 557056K
  class space    used 15020K, committed 15616K, reserved 425984K
}
Event: 50.391 GC heap after
{Heap after GC invocations=58 (full 0):
 garbage-first heap   total 326656K, used 202626K [0x0000000080000000, 0x0000000100000000)
  region size 1024K, 5 young (5120K), 5 survivors (5120K)
 Metaspace       used 109085K, committed 110336K, reserved 557056K
  class space    used 15020K, committed 15616K, reserved 425984K
}
Event: 50.971 GC heap before
{Heap before GC invocations=58 (full 0):
 garbage-first heap   total 326656K, used 278402K [0x0000000080000000, 0x0000000100000000)
  region size 1024K, 76 young (77824K), 5 survivors (5120K)
 Metaspace       used 109248K, committed 110464K, reserved 557056K
  class space    used 15044K, committed 15616K, reserved 425984K
}
Event: 50.983 GC heap after
{Heap after GC invocations=59 (full 0):
 garbage-first heap   total 326656K, used 205733K [0x0000000080000000, 0x0000000100000000)
  region size 1024K, 8 young (8192K), 8 survivors (8192K)
 Metaspace       used 109248K, committed 110464K, reserved 557056K
  class space    used 15044K, committed 15616K, reserved 425984K
}
Event: 51.497 GC heap before
{Heap before GC invocations=59 (full 0):
 garbage-first heap   total 326656K, used 280485K [0x0000000080000000, 0x0000000100000000)
  region size 1024K, 78 young (79872K), 8 survivors (8192K)
 Metaspace       used 109282K, committed 110528K, reserved 557056K
  class space    used 15046K, committed 15616K, reserved 425984K
}
Event: 51.518 GC heap after
{Heap after GC invocations=60 (full 0):
 garbage-first heap   total 326656K, used 208851K [0x0000000080000000, 0x0000000100000000)
  region size 1024K, 7 young (7168K), 7 survivors (7168K)
 Metaspace       used 109282K, committed 110528K, reserved 557056K
  class space    used 15046K, committed 15616K, reserved 425984K
}
Event: 52.463 GC heap before
{Heap before GC invocations=60 (full 0):
 garbage-first heap   total 326656K, used 281555K [0x0000000080000000, 0x0000000100000000)
  region size 1024K, 75 young (76800K), 7 survivors (7168K)
 Metaspace       used 110131K, committed 111360K, reserved 557056K
  class space    used 15154K, committed 15744K, reserved 425984K
}
Event: 52.476 GC heap after
{Heap after GC invocations=61 (full 0):
 garbage-first heap   total 326656K, used 212303K [0x0000000080000000, 0x0000000100000000)
  region size 1024K, 7 young (7168K), 7 survivors (7168K)
 Metaspace       used 110131K, committed 111360K, reserved 557056K
  class space    used 15154K, committed 15744K, reserved 425984K
}
Event: 552.411 GC heap before
{Heap before GC invocations=61 (full 0):
 garbage-first heap   total 326656K, used 278863K [0x0000000080000000, 0x0000000100000000)
  region size 1024K, 73 young (74752K), 7 survivors (7168K)
 Metaspace       used 115034K, committed 116352K, reserved 557056K
  class space    used 15605K, committed 16192K, reserved 425984K
}
Event: 552.434 GC heap after
{Heap after GC invocations=62 (full 0):
 garbage-first heap   total 326656K, used 215450K [0x0000000080000000, 0x0000000100000000)
  region size 1024K, 7 young (7168K), 7 survivors (7168K)
 Metaspace       used 115034K, committed 116352K, reserved 557056K
  class space    used 15605K, committed 16192K, reserved 425984K
}
Event: 3293.370 GC heap before
{Heap before GC invocations=62 (full 0):
 garbage-first heap   total 326656K, used 279962K [0x0000000080000000, 0x0000000100000000)
  region size 1024K, 71 young (72704K), 7 survivors (7168K)
 Metaspace       used 115303K, committed 116608K, reserved 557056K
  class space    used 15612K, committed 16192K, reserved 425984K
}
Event: 3293.381 GC heap after
{Heap after GC invocations=63 (full 0):
 garbage-first heap   total 326656K, used 216592K [0x0000000080000000, 0x0000000100000000)
  region size 1024K, 5 young (5120K), 5 survivors (5120K)
 Metaspace       used 115303K, committed 116608K, reserved 557056K
  class space    used 15612K, committed 16192K, reserved 425984K
}

